{
  "RSpec": {
    "coverage": {
      "/Users/Ros/Projects/project3/secondloop/app/models/user.rb": [
        null,
        null,
        null,
        null,
        null,
        null,
        null,
        null,
        null,
        null,
        null,
        null,
        null,
        null,
        null,
        null,
        null,
        null,
        null,
        1,
        null,
        null,
        1,
        null,
        1,
        null
      ],
      "/Users/Ros/Projects/project3/secondloop/app/helpers/application_helper.rb": [
        1,
        null
      ],
      "/Users/Ros/Projects/project3/secondloop/app/helpers/users_helper.rb": [
        1,
        null
      ],
      "/Users/Ros/Projects/project3/secondloop/app/helpers/videos_helper.rb": [
        1,
        null
      ],
      "/Users/Ros/Projects/project3/secondloop/app/controllers/users_controller.rb": [
        1,
        1,
        null,
        null
      ],
      "/Users/Ros/Projects/project3/secondloop/app/controllers/application_controller.rb": [
        1,
        null,
        null,
        1,
        null
      ],
      "/Users/Ros/Projects/project3/secondloop/app/controllers/videos_controller.rb": [
        1,
        null,
        null,
        null,
        null,
        1,
        7,
        7,
        7,
        7,
        11,
        null,
        null,
        null,
        null,
        null,
        1,
        0,
        0,
        null,
        null,
        null,
        1,
        0,
        null,
        null,
        null,
        1,
        null,
        null,
        null,
        null,
        1,
        2,
        null,
        0,
        0,
        0,
        0,
        null,
        0,
        0,
        null,
        null,
        null,
        null,
        null,
        null,
        1,
        0,
        0,
        0,
        0,
        null,
        0,
        0,
        null,
        null,
        null,
        null,
        null,
        null,
        1,
        0,
        0,
        0,
        0,
        null,
        null,
        null,
        1,
        null,
        1,
        0,
        null,
        null,
        null,
        1,
        2,
        null,
        null
      ],
      "/Users/Ros/Projects/project3/secondloop/app/models/video.rb": [
        null,
        null,
        null,
        null,
        null,
        null,
        null,
        null,
        null,
        null,
        null,
        null,
        1,
        1,
        null
      ]
    },
    "timestamp": 1408317332
  }
}
