{
  "RSpec": {
    "coverage": {
      "/Users/Ros/Projects/project3/secondloop/app/models/user.rb": [
        null,
        null,
        null,
        null,
        null,
        null,
        null,
        null,
        null,
        null,
        null,
        null,
        null,
        null,
        null,
        null,
        null,
        null,
        null,
        1,
        null,
        null,
        1,
        null,
        1,
        null
      ],
      "/Users/Ros/Projects/project3/secondloop/app/helpers/application_helper.rb": [
        1,
        null
      ],
      "/Users/Ros/Projects/project3/secondloop/app/helpers/panda_controller_helper.rb": [
        1,
        null
      ],
      "/Users/Ros/Projects/project3/secondloop/app/helpers/users_helper.rb": [
        1,
        null
      ],
      "/Users/Ros/Projects/project3/secondloop/app/helpers/videos_helper.rb": [
        1,
        null
      ]
    },
    "timestamp": 1408680444
  }
}
